<?xml version="1.0" encoding="UTF-8"?>
<testsuite xmlns:xsi="http://www.w3.org/2001/XMLSchema-instance" xsi:noNamespaceSchemaLocation="https://maven.apache.org/surefire/maven-surefire-plugin/xsd/surefire-test-report-3.0.xsd" version="3.0" name="com.skypay.bank.AccountTest" time="0.116" tests="4" errors="0" skipped="0" failures="0">
  <properties>
[...]
</properties>
  <testcase name="invalidAmountsThrow" classname="com.skypay.bank.AccountTest" time="0.089"/>
  <testcase name="depositWithdrawBalance" classname="com.skypay.bank.AccountTest" time="0.003"/>
  <testcase name="withdrawMoreThanBalanceThrows" classname="com.skypay.bank.AccountTest" time="0.001"/>
  <testcase name="overflowDepositThrows" classname="com.skypay.bank.AccountTest" time="0.002"/>
</testsuite>